0 info it worked if it ends with ok
1 verbose cli [ 'C:\\Program Files\\nodejs\\node.exe',
1 verbose cli   'C:\\Program Files\\nodejs\\node_modules\\npm\\bin\\npm-cli.js',
1 verbose cli   'run',
1 verbose cli   'watch:sass' ]
2 info using npm@3.10.10
3 info using node@v6.11.5
4 verbose run-script [ 'prewatch:sass', 'watch:sass', 'postwatch:sass' ]
5 info lifecycle natours@1.0.0~prewatch:sass: natours@1.0.0
6 silly lifecycle natours@1.0.0~prewatch:sass: no script for prewatch:sass, continuing
7 info lifecycle natours@1.0.0~watch:sass: natours@1.0.0
8 verbose lifecycle natours@1.0.0~watch:sass: unsafe-perm in lifecycle true
9 verbose lifecycle natours@1.0.0~watch:sass: PATH: C:\Program Files\nodejs\node_modules\npm\bin\node-gyp-bin;C:\Users\davide\Desktop\lavori in html\advanced-css-course-master\Natours\starter\node_modules\.bin;C:\WINDOWS\system32;C:\WINDOWS;C:\WINDOWS\System32\Wbem;C:\WINDOWS\System32\WindowsPowerShell\v1.0\;C:\Program Files (x86)\ATI Technologies\ATI.ACE\Core-Static;C:\Program Files\Calibre2\;C:\Program Files (x86)\Brackets\command;C:\Program Files\nodejs\;C:\Program Files\Git\cmd;C:\Users\davide\AppData\Local\Microsoft\WindowsApps;C:\Users\davide\AppData\Roaming\npm;C:\Program Files\Microsoft VS Code\bin;
10 verbose lifecycle natours@1.0.0~watch:sass: CWD: C:\Users\davide\Desktop\lavori in html\advanced-css-course-master\Natours\starter
11 silly lifecycle natours@1.0.0~watch:sass: Args: [ '/d /s /c', 'node-sass sass/main.scss css/style.css -w' ]
12 verbose stack Error: kill ENOSYS
12 verbose stack     at Object.exports._errnoException (util.js:1020:11)
12 verbose stack     at process.kill (internal/process.js:191:18)
12 verbose stack     at process.listener (C:\Program Files\nodejs\node_modules\npm\node_modules\npmlog\node_modules\gauge\node_modules\signal-exit\index.js:86:15)
12 verbose stack     at emitNone (events.js:91:20)
12 verbose stack     at process.emit (events.js:185:7)
12 verbose stack     at processEmit (C:\Program Files\nodejs\node_modules\npm\node_modules\npmlog\node_modules\gauge\node_modules\signal-exit\index.js:146:32)
12 verbose stack     at processEmit (C:\Program Files\nodejs\node_modules\npm\node_modules\npm-registry-client\node_modules\npmlog\node_modules\gauge\node_modules\signal-exit\index.js:146:32)
12 verbose stack     at Signal.wrap.onsignal (internal/process.js:217:44)
13 verbose cwd C:\Users\davide\Desktop\lavori in html\advanced-css-course-master\Natours\starter
14 error Windows_NT 10.0.16299
15 error argv "C:\\Program Files\\nodejs\\node.exe" "C:\\Program Files\\nodejs\\node_modules\\npm\\bin\\npm-cli.js" "run" "watch:sass"
16 error node v6.11.5
17 error npm  v3.10.10
18 error code ENOSYS
19 error errno ENOSYS
20 error syscall kill
21 error kill ENOSYS
22 error If you need help, you may report this error at:
22 error     <https://github.com/npm/npm/issues>
23 verbose exit [ 1, true ]
